\BOOKMARK [0][-]{chapter.1}{\376\377\000C\213\355\212\000\121\145\225\350}{}% 1
\BOOKMARK [1][-]{section.1.1}{\376\377\172\013\136\217\166\204\127\372\147\054\151\202\137\365}{chapter.1}% 2
\BOOKMARK [1][-]{section.1.2}{\376\377\201\352\161\066\213\355\212\000\124\214\177\026\172\013\213\355\212\000}{chapter.1}% 3
\BOOKMARK [1][-]{section.1.3}{\376\377\172\013\136\217\166\204\214\003\213\325}{chapter.1}% 4
\BOOKMARK [1][-]{section.1.4}{\376\377\173\054\116\000\116\052\172\013\136\217}{chapter.1}% 5
\BOOKMARK [2][-]{subsection.1.4.1}{\376\377\000C\213\355\212\000\150\007\121\306}{section.1.4}% 6
\BOOKMARK [1][-]{section.1.5}{\376\377\136\070\221\317}{chapter.1}% 7
\BOOKMARK [1][-]{section.1.6}{\376\377\123\330\221\317}{chapter.1}% 8
\BOOKMARK [2][-]{subsection.1.6.1}{\376\377\130\360\146\016\124\214\133\232\116\111}{section.1.6}% 9
\BOOKMARK [1][-]{section.1.7}{\376\377\215\113\120\074}{chapter.1}% 10
\BOOKMARK [0][-]{chapter.2}{\376\377\000L\000i\000s\000p\213\355\212\000\121\145\225\350}{}% 11
\BOOKMARK [1][-]{section.2.1}{\376\377\000L\000i\000s\000t\000\040\000P\000r\000o\000c\000e\000s\000s\000i\000n\000g}{chapter.2}% 12
\BOOKMARK [2][-]{subsection.2.1.1}{\376\377\000L\000i\000s\000p\000\040\000L\000i\000s\000t\000s}{section.2.1}% 13
\BOOKMARK [2][-]{subsection.2.1.2}{\376\377\000L\000i\000s\000p\000\040\000A\000t\000o\000m\000s}{section.2.1}% 14
\BOOKMARK [2][-]{subsection.2.1.3}{\376\377\000W\000h\000i\000t\000e\000s\000p\000a\000c\000e\000\040\000i\000n\000\040\000L\000i\000s\000t\000s}{section.2.1}% 15
\BOOKMARK [2][-]{subsection.2.1.4}{\376\377\000R\000u\000n\000\040\000a\000\040\000P\000r\000o\000g\000r\000a\000m}{section.2.1}% 16
\BOOKMARK [2][-]{subsection.2.1.5}{\376\377\000G\000e\000n\000e\000r\000a\000t\000e\000\040\000a\000n\000\040\000E\000r\000r\000o\000r\000\040\000M\000e\000s\000s\000a\000g\000e}{section.2.1}% 17
\BOOKMARK [2][-]{subsection.2.1.6}{\376\377\000S\000y\000m\000b\000o\000l\000\040\000N\000a\000m\000e\000s\000\040\000a\000n\000d\000\040\000F\000u\000n\000c\000t\000i\000o\000n\000\040\000D\000e\000f\000i\000n\000i\000t\000i\000o\000n\000s}{section.2.1}% 18
\BOOKMARK [2][-]{subsection.2.1.7}{\376\377\000T\000h\000e\000\040\000L\000i\000s\000p\000\040\000I\000n\000t\000e\000r\000p\000r\000e\000t\000e\000r}{section.2.1}% 19
\BOOKMARK [0][-]{chapter.3}{\376\377\000E\000m\000a\000c\000s\121\145\225\350}{}% 20
\BOOKMARK [1][-]{section.3.1}{\376\377\000U\000n\000d\000e\000r\000s\000t\000a\000n\000d\000i\000n\000g\000\040\000F\000i\000l\000e\000s\000\040\000a\000n\000d\000\040\000B\000u\000f\000f\000e\000r\000s}{chapter.3}% 21
\BOOKMARK [1][-]{section.3.2}{\376\377\000A\000\040\000W\000o\000r\000d\000\040\000A\000b\000o\000u\000t\000\040\000M\000o\000d\000e\000s}{chapter.3}% 22
\BOOKMARK [1][-]{section.3.3}{\376\377\000S\000t\000a\000r\000t\000i\000n\000g\000\040\000E\000m\000a\000c\000s}{chapter.3}% 23
\BOOKMARK [1][-]{section.3.4}{\376\377\000A\000b\000o\000u\000t\000\040\000t\000h\000e\000\040\000E\000m\000a\000c\000s\000\040\000D\000i\000s\000p\000l\000a\000y}{chapter.3}% 24
